#
# A fatal error has been detected by the Java Runtime Environment:
#
#  EXCEPTION_ACCESS_VIOLATION (0xc0000005) at pc=0x0000000052b68720, pid=3368, tid=0x0000000000001a74
#
# JRE version: Java(TM) SE Runtime Environment (8.0_181-b13) (build 1.8.0_181-b13)
# Java VM: Java HotSpot(TM) 64-Bit Server VM (25.181-b13 mixed mode windows-amd64 compressed oops)
# Problematic frame:
# V  [jvm.dll+0x468720]
#
# Failed to write core dump. Minidumps are not enabled by default on client versions of Windows
#
# If you would like to submit a bug report, please visit:
#   http://bugreport.java.com/bugreport/crash.jsp
#

---------------  T H R E A D  ---------------

Current thread (0x0000000016238000):  JavaThread "C2 CompilerThread1" daemon [_thread_in_native, id=6772, stack(0x0000000017980000,0x0000000017a80000)]

siginfo: ExceptionCode=0xc0000005, reading address 0x0000000000000028

Registers:
RAX=0x0000000017c389a0, RBX=0x000000001962fd30, RCX=0x0000000000000000, RDX=0x0000000000800000
RSP=0x0000000017a7bf50, RBP=0x0000000052ee7140, RSI=0x000000001891df08, RDI=0x0000000018ce81d0
R8 =0x00000000ffffffff, R9 =0x0000000000000000, R10=0x0000000000000002, R11=0x0000000000000000
R12=0x0000000017a7c360, R13=0x0000000000000000, R14=0x0000000000000010, R15=0x0000000000000002
RIP=0x0000000052b68720, EFLAGS=0x0000000000010287

Top of Stack: (sp=0x0000000017a7bf50)
0x0000000017a7bf50:   000000001962fd30 000000001891df08
0x0000000017a7bf60:   0000000018ce81d0 ffffffffffffffff
0x0000000017a7bf70:   0002000200000310 0000000018ce81d0
0x0000000017a7bf80:   0000000000000008 0000000000000310
0x0000000017a7bf90:   0000000000000000 0000000000000000
0x0000000017a7bfa0:   0000000017a7c070 00000000000003d8
0x0000000017a7bfb0:   0000000017e593a8 0000000017e58fd0
0x0000000017a7bfc0:   0000000017a7c0f0 0000000000000000
0x0000000017a7bfd0:   0000000017a7c360 0000000017e58fc0
0x0000000017a7bfe0:   0000000017a7c470 0000000052b6b404
0x0000000017a7bff0:   0000000017a7c360 0000000017a7c000
0x0000000017a7c000:   00000000ffffffff 0000000000000001
0x0000000017a7c010:   0000000000000006 0000000017e58fc0
0x0000000017a7c020:   00000000195ffd50 000000001963a610
0x0000000017a7c030:   000000001963a610 000000000008e6a8
0x0000000017a7c040:   0000000000000006 0000000017e56080 

Instructions: (pc=0x0000000052b68720)
0x0000000052b68700:   0f 83 0c 02 00 00 49 c1 e6 03 66 0f 1f 44 00 00
0x0000000052b68710:   48 8b 46 08 49 8b 0c 06 49 8b 84 24 28 01 00 00
0x0000000052b68720:   48 63 51 28 8b 1c 90 85 db 0f 84 c0 01 00 00 45
0x0000000052b68730:   84 c9 74 11 45 3b c7 75 0c 48 8b 06 48 8b ce ff 


Register to memory mapping:

RAX=0x0000000017c389a0 is an unknown value
RBX=0x000000001962fd30 is an unknown value
RCX=0x0000000000000000 is an unknown value
RDX=0x0000000000800000 is an unknown value
RSP=0x0000000017a7bf50 is pointing into the stack for thread: 0x0000000016238000
RBP=0x0000000052ee7140 is an unknown value
RSI=0x000000001891df08 is an unknown value
RDI=0x0000000018ce81d0 is an unknown value
R8 =0x00000000ffffffff is an unallocated location in the heap
R9 =0x0000000000000000 is an unknown value
R10=0x0000000000000002 is an unknown value
R11=0x0000000000000000 is an unknown value
R12=0x0000000017a7c360 is pointing into the stack for thread: 0x0000000016238000
R13=0x0000000000000000 is an unknown value
R14=0x0000000000000010 is an unknown value
R15=0x0000000000000002 is an unknown value


Stack: [0x0000000017980000,0x0000000017a80000],  sp=0x0000000017a7bf50,  free space=1007k
Native frames: (J=compiled Java code, j=interpreted, Vv=VM code, C=native code)
V  [jvm.dll+0x468720]
V  [jvm.dll+0x46b404]
V  [jvm.dll+0x476c1b]
V  [jvm.dll+0x479527]
V  [jvm.dll+0x45bd02]
V  [jvm.dll+0xa6b02]
V  [jvm.dll+0xa744f]
V  [jvm.dll+0x245d2f]
V  [jvm.dll+0x29e64a]
C  [MSVCR100.dll+0x21d9f]
C  [MSVCR100.dll+0x21e3b]
C  [KERNEL32.DLL+0x17e94]
C  [ntdll.dll+0x67ad1]


Current CompileTask:
C2:   4304  743 %     4       com.sun.tools.javac.file.ZipFileIndex$ZipDirectory::readEntry @ 215 (587 bytes)


---------------  P R O C E S S  ---------------

Java Threads: ( => current thread )
  0x000000001626f000 JavaThread "Service Thread" daemon [_thread_blocked, id=6580, stack(0x0000000017f80000,0x0000000018080000)]
  0x0000000016241800 JavaThread "C1 CompilerThread2" daemon [_thread_blocked, id=6756, stack(0x0000000017a80000,0x0000000017b80000)]
=>0x0000000016238000 JavaThread "C2 CompilerThread1" daemon [_thread_in_native, id=6772, stack(0x0000000017980000,0x0000000017a80000)]
  0x0000000016233800 JavaThread "C2 CompilerThread0" daemon [_thread_in_native, id=6792, stack(0x0000000017880000,0x0000000017980000)]
  0x0000000016231800 JavaThread "Attach Listener" daemon [_thread_blocked, id=6432, stack(0x0000000017780000,0x0000000017880000)]
  0x0000000016230800 JavaThread "Signal Dispatcher" daemon [_thread_blocked, id=7676, stack(0x0000000017680000,0x0000000017780000)]
  0x00000000029bc000 JavaThread "Finalizer" daemon [_thread_blocked, id=6796, stack(0x0000000017480000,0x0000000017580000)]
  0x00000000161f9000 JavaThread "Reference Handler" daemon [_thread_blocked, id=7640, stack(0x0000000017380000,0x0000000017480000)]
  0x00000000028c7800 JavaThread "main" [_thread_in_Java, id=1252, stack(0x00000000027c0000,0x00000000028c0000)]

Other Threads:
  0x00000000161f8000 VMThread [stack: 0x0000000017280000,0x0000000017380000] [id=5580]
  0x0000000016270000 WatcherThread [stack: 0x0000000018080000,0x0000000018180000] [id=6964]

VM state:not at safepoint (normal execution)

VM Mutex/Monitor currently owned by a thread: None

Heap:
 PSYoungGen      total 19456K, used 7635K [0x00000000e0a00000, 0x00000000e2900000, 0x0000000100000000)
  eden space 14848K, 30% used [0x00000000e0a00000,0x00000000e0e76e20,0x00000000e1880000)
  from space 4608K, 66% used [0x00000000e2480000,0x00000000e277e100,0x00000000e2900000)
  to   space 7680K, 0% used [0x00000000e1a00000,0x00000000e1a00000,0x00000000e2180000)
 ParOldGen       total 20480K, used 10523K [0x00000000a1e00000, 0x00000000a3200000, 0x00000000e0a00000)
  object space 20480K, 51% used [0x00000000a1e00000,0x00000000a2846c68,0x00000000a3200000)
 Metaspace       used 7650K, capacity 8372K, committed 8704K, reserved 1056768K
  class space    used 902K, capacity 944K, committed 1024K, reserved 1048576K

Card table byte_map: [0x0000000011d80000,0x0000000012080000] byte_map_base: 0x0000000011871000

Marking Bits: (ParMarkBitMap*) 0x0000000052f22d00
 Begin Bits: [0x0000000012680000, 0x0000000013e08000)
 End Bits:   [0x0000000013e08000, 0x0000000015590000)

Polling page: 0x0000000000900000

CodeCache: size=245760Kb used=3857Kb max_used=3864Kb free=241903Kb
 bounds [0x00000000029c0000, 0x0000000002d90000, 0x00000000119c0000]
 total_blobs=1051 nmethods=766 adapters=198
 compilation: enabled

Compilation events (10 events):
Event: 4.198 Thread 0x0000000016233800 nmethod 748 0x0000000002d65c50 code [0x0000000002d65d80, 0x0000000002d65e38]
Event: 4.198 Thread 0x0000000016233800  764       4       java.lang.ThreadLocal$ThreadLocalMap::getEntry (42 bytes)
Event: 4.202 Thread 0x0000000016233800 nmethod 764 0x0000000002d66e50 code [0x0000000002d66fa0, 0x0000000002d67098]
Event: 4.202 Thread 0x0000000016233800  765       4       java.lang.String::<init> (38 bytes)
Event: 4.221 Thread 0x0000000016233800 nmethod 765 0x0000000002d6ae50 code [0x0000000002d6b000, 0x0000000002d6b5f0]
Event: 4.221 Thread 0x0000000016233800  778       4       java.lang.String::<init> (82 bytes)
Event: 4.233 Thread 0x0000000016241800  780       3       java.util.ComparableTimSort::binarySort (223 bytes)
Event: 4.234 Thread 0x0000000016241800 nmethod 780 0x0000000002d80f10 code [0x0000000002d81100, 0x0000000002d81bd8]
Event: 4.236 Thread 0x0000000016233800 nmethod 778 0x0000000002d69350 code [0x0000000002d694a0, 0x0000000002d697b8]
Event: 4.236 Thread 0x0000000016233800  766   !   4       java.lang.StringCoding$StringDecoder::decode (179 bytes)

GC Heap History (10 events):
Event: 2.667 GC heap before
{Heap before GC invocations=6 (full 0):
 PSYoungGen      total 6656K, used 6126K [0x00000000e0a00000, 0x00000000e1a00000, 0x0000000100000000)
  eden space 6144K, 91% used [0x00000000e0a00000,0x00000000e0f80d50,0x00000000e1000000)
  from space 512K, 95% used [0x00000000e1000000,0x00000000e107ada8,0x00000000e1080000)
  to   space 2048K, 0% used [0x00000000e1800000,0x00000000e1800000,0x00000000e1a00000)
 ParOldGen       total 5632K, used 2178K [0x00000000a1e00000, 0x00000000a2380000, 0x00000000e0a00000)
  object space 5632K, 38% used [0x00000000a1e00000,0x00000000a2020bc8,0x00000000a2380000)
 Metaspace       used 7502K, capacity 8308K, committed 8448K, reserved 1056768K
  class space    used 891K, capacity 944K, committed 1024K, reserved 1048576K
Event: 2.675 GC heap after
Heap after GC invocations=6 (full 0):
 PSYoungGen      total 13312K, used 2044K [0x00000000e0a00000, 0x00000000e1c00000, 0x0000000100000000)
  eden space 11264K, 0% used [0x00000000e0a00000,0x00000000e0a00000,0x00000000e1500000)
  from space 2048K, 99% used [0x00000000e1800000,0x00000000e19ff168,0x00000000e1a00000)
  to   space 3072K, 0% used [0x00000000e1500000,0x00000000e1500000,0x00000000e1800000)
 ParOldGen       total 5632K, used 3064K [0x00000000a1e00000, 0x00000000a2380000, 0x00000000e0a00000)
  object space 5632K, 54% used [0x00000000a1e00000,0x00000000a20fe3d0,0x00000000a2380000)
 Metaspace       used 7502K, capacity 8308K, committed 8448K, reserved 1056768K
  class space    used 891K, capacity 944K, committed 1024K, reserved 1048576K
}
Event: 3.273 GC heap before
{Heap before GC invocations=7 (full 0):
 PSYoungGen      total 13312K, used 13308K [0x00000000e0a00000, 0x00000000e1c00000, 0x0000000100000000)
  eden space 11264K, 100% used [0x00000000e0a00000,0x00000000e1500000,0x00000000e1500000)
  from space 2048K, 99% used [0x00000000e1800000,0x00000000e19ff168,0x00000000e1a00000)
  to   space 3072K, 0% used [0x00000000e1500000,0x00000000e1500000,0x00000000e1800000)
 ParOldGen       total 5632K, used 3064K [0x00000000a1e00000, 0x00000000a2380000, 0x00000000e0a00000)
  object space 5632K, 54% used [0x00000000a1e00000,0x00000000a20fe3d0,0x00000000a2380000)
 Metaspace       used 7526K, capacity 8372K, committed 8704K, reserved 1056768K
  class space    used 892K, capacity 944K, committed 1024K, reserved 1048576K
Event: 3.289 GC heap after
Heap after GC invocations=7 (full 0):
 PSYoungGen      total 14336K, used 3059K [0x00000000e0a00000, 0x00000000e2900000, 0x0000000100000000)
  eden space 11264K, 0% used [0x00000000e0a00000,0x00000000e0a00000,0x00000000e1500000)
  from space 3072K, 99% used [0x00000000e1500000,0x00000000e17fcd30,0x00000000e1800000)
  to   space 4608K, 0% used [0x00000000e2480000,0x00000000e2480000,0x00000000e2900000)
 ParOldGen       total 5632K, used 5417K [0x00000000a1e00000, 0x00000000a2380000, 0x00000000e0a00000)
  object space 5632K, 96% used [0x00000000a1e00000,0x00000000a234a628,0x00000000a2380000)
 Metaspace       used 7526K, capacity 8372K, committed 8704K, reserved 1056768K
  class space    used 892K, capacity 944K, committed 1024K, reserved 1048576K
}
Event: 3.289 GC heap before
{Heap before GC invocations=8 (full 1):
 PSYoungGen      total 14336K, used 3059K [0x00000000e0a00000, 0x00000000e2900000, 0x0000000100000000)
  eden space 11264K, 0% used [0x00000000e0a00000,0x00000000e0a00000,0x00000000e1500000)
  from space 3072K, 99% used [0x00000000e1500000,0x00000000e17fcd30,0x00000000e1800000)
  to   space 4608K, 0% used [0x00000000e2480000,0x00000000e2480000,0x00000000e2900000)
 ParOldGen       total 5632K, used 5417K [0x00000000a1e00000, 0x00000000a2380000, 0x00000000e0a00000)
  object space 5632K, 96% used [0x00000000a1e00000,0x00000000a234a628,0x00000000a2380000)
 Metaspace       used 7526K, capacity 8372K, committed 8704K, reserved 1056768K
  class space    used 892K, capacity 944K, committed 1024K, reserved 1048576K
Event: 3.476 GC heap after
Heap after GC invocations=8 (full 1):
 PSYoungGen      total 14336K, used 3041K [0x00000000e0a00000, 0x00000000e2900000, 0x0000000100000000)
  eden space 11264K, 0% used [0x00000000e0a00000,0x00000000e0a00000,0x00000000e1500000)
  from space 3072K, 99% used [0x00000000e1500000,0x00000000e17f8690,0x00000000e1800000)
  to   space 4608K, 0% used [0x00000000e2480000,0x00000000e2480000,0x00000000e2900000)
 ParOldGen       total 10752K, used 5175K [0x00000000a1e00000, 0x00000000a2880000, 0x00000000e0a00000)
  object space 10752K, 48% used [0x00000000a1e00000,0x00000000a230dcc0,0x00000000a2880000)
 Metaspace       used 7526K, capacity 8372K, committed 8704K, reserved 1056768K
  class space    used 892K, capacity 944K, committed 1024K, reserved 1048576K
}
Event: 3.993 GC heap before
{Heap before GC invocations=9 (full 1):
 PSYoungGen      total 14336K, used 14305K [0x00000000e0a00000, 0x00000000e2900000, 0x0000000100000000)
  eden space 11264K, 100% used [0x00000000e0a00000,0x00000000e1500000,0x00000000e1500000)
  from space 3072K, 99% used [0x00000000e1500000,0x00000000e17f8690,0x00000000e1800000)
  to   space 4608K, 0% used [0x00000000e2480000,0x00000000e2480000,0x00000000e2900000)
 ParOldGen       total 10752K, used 5175K [0x00000000a1e00000, 0x00000000a2880000, 0x00000000e0a00000)
  object space 10752K, 48% used [0x00000000a1e00000,0x00000000a230dcc0,0x00000000a2880000)
 Metaspace       used 7648K, capacity 8372K, committed 8704K, reserved 1056768K
  class space    used 902K, capacity 944K, committed 1024K, reserved 1048576K
Event: 4.019 GC heap after
Heap after GC invocations=9 (full 1):
 PSYoungGen      total 19456K, used 4603K [0x00000000e0a00000, 0x00000000e2900000, 0x0000000100000000)
  eden space 14848K, 0% used [0x00000000e0a00000,0x00000000e0a00000,0x00000000e1880000)
  from space 4608K, 99% used [0x00000000e2480000,0x00000000e28feef0,0x00000000e2900000)
  to   space 7680K, 0% used [0x00000000e1a00000,0x00000000e1a00000,0x00000000e2180000)
 ParOldGen       total 10752K, used 9658K [0x00000000a1e00000, 0x00000000a2880000, 0x00000000e0a00000)
  object space 10752K, 89% used [0x00000000a1e00000,0x00000000a276e9f0,0x00000000a2880000)
 Metaspace       used 7648K, capacity 8372K, committed 8704K, reserved 1056768K
  class space    used 902K, capacity 944K, committed 1024K, reserved 1048576K
}
Event: 4.019 GC heap before
{Heap before GC invocations=10 (full 2):
 PSYoungGen      total 19456K, used 4603K [0x00000000e0a00000, 0x00000000e2900000, 0x0000000100000000)
  eden space 14848K, 0% used [0x00000000e0a00000,0x00000000e0a00000,0x00000000e1880000)
  from space 4608K, 99% used [0x00000000e2480000,0x00000000e28feef0,0x00000000e2900000)
  to   space 7680K, 0% used [0x00000000e1a00000,0x00000000e1a00000,0x00000000e2180000)
 ParOldGen       total 10752K, used 9658K [0x00000000a1e00000, 0x00000000a2880000, 0x00000000e0a00000)
  object space 10752K, 89% used [0x00000000a1e00000,0x00000000a276e9f0,0x00000000a2880000)
 Metaspace       used 7648K, capacity 8372K, committed 8704K, reserved 1056768K
  class space    used 902K, capacity 944K, committed 1024K, reserved 1048576K
Event: 4.196 GC heap after
Heap after GC invocations=10 (full 2):
 PSYoungGen      total 19456K, used 3064K [0x00000000e0a00000, 0x00000000e2900000, 0x0000000100000000)
  eden space 14848K, 0% used [0x00000000e0a00000,0x00000000e0a00000,0x00000000e1880000)
  from space 4608K, 66% used [0x00000000e2480000,0x00000000e277e100,0x00000000e2900000)
  to   space 7680K, 0% used [0x00000000e1a00000,0x00000000e1a00000,0x00000000e2180000)
 ParOldGen       total 20480K, used 10523K [0x00000000a1e00000, 0x00000000a3200000, 0x00000000e0a00000)
  object space 20480K, 51% used [0x00000000a1e00000,0x00000000a2846c68,0x00000000a3200000)
 Metaspace       used 7648K, capacity 8372K, committed 8704K, reserved 1056768K
  class space    used 902K, capacity 944K, committed 1024K, reserved 1048576K
}

Deoptimization events (9 events):
Event: 2.094 Thread 0x00000000028c7800 Uncommon trap: reason=unstable_if action=reinterpret pc=0x0000000002bbf120 method=java.util.jar.Manifest$FastInputStream.readLine([BII)I @ 87
Event: 2.101 Thread 0x00000000028c7800 Uncommon trap: reason=unstable_if action=reinterpret pc=0x0000000002b3cd9c method=java.lang.String.replace(CC)Ljava/lang/String; @ 26
Event: 2.209 Thread 0x00000000028c7800 Uncommon trap: reason=unstable_if action=reinterpret pc=0x0000000002b8ee6c method=java.lang.String.<init>([CII)V @ 18
Event: 2.209 Thread 0x00000000028c7800 Uncommon trap: reason=unstable_if action=reinterpret pc=0x0000000002afca48 method=java.lang.String.startsWith(Ljava/lang/String;I)Z @ 25
Event: 2.211 Thread 0x00000000028c7800 Uncommon trap: reason=unloaded action=reinterpret pc=0x0000000002b827f8 method=sun.misc.URLClassPath$JarLoader.getResource(Ljava/lang/String;Z)Lsun/misc/Resource; @ 67
Event: 2.216 Thread 0x00000000028c7800 Uncommon trap: reason=class_check action=maybe_recompile pc=0x0000000002b74684 method=sun.misc.URLClassPath.getLoader(I)Lsun/misc/URLClassPath$Loader; @ 94
Event: 2.315 Thread 0x00000000028c7800 Uncommon trap: reason=unstable_if action=reinterpret pc=0x0000000002bfbe88 method=com.sun.tools.javac.parser.UnicodeReader.scanChar()V @ 37
Event: 2.744 Thread 0x00000000028c7800 Uncommon trap: reason=unstable_if action=reinterpret pc=0x0000000002c9dd84 method=com.sun.tools.javac.util.Name$Table.equals([BI[BII)Z @ 22
Event: 3.659 Thread 0x00000000028c7800 Uncommon trap: reason=unstable_if action=reinterpret pc=0x0000000002ce09b8 method=com.sun.tools.javac.parser.UnicodeReader.scanCommentChar()V @ 10

Classes redefined (0 events):
No events

Internal exceptions (10 events):
Event: 2.196 Thread 0x00000000028c7800 Exception <a 'java/security/PrivilegedActionException'> (0x00000000e0e94650) thrown at [C:\re\workspace\8-2-build-windows-amd64-cygwin\jdk8u181\11358\hotspot\src\share\vm\prims\jvm.cpp, line 1435]
Event: 2.196 Thread 0x00000000028c7800 Exception <a 'java/security/PrivilegedActionException'> (0x00000000e0e94860) thrown at [C:\re\workspace\8-2-build-windows-amd64-cygwin\jdk8u181\11358\hotspot\src\share\vm\prims\jvm.cpp, line 1435]
Event: 2.196 Thread 0x00000000028c7800 Exception <a 'java/security/PrivilegedActionException'> (0x00000000e0e96090) thrown at [C:\re\workspace\8-2-build-windows-amd64-cygwin\jdk8u181\11358\hotspot\src\share\vm\prims\jvm.cpp, line 1435]
Event: 2.196 Thread 0x00000000028c7800 Exception <a 'java/security/PrivilegedActionException'> (0x00000000e0e962a0) thrown at [C:\re\workspace\8-2-build-windows-amd64-cygwin\jdk8u181\11358\hotspot\src\share\vm\prims\jvm.cpp, line 1435]
Event: 2.197 Thread 0x00000000028c7800 Exception <a 'java/security/PrivilegedActionException'> (0x00000000e0e97ae8) thrown at [C:\re\workspace\8-2-build-windows-amd64-cygwin\jdk8u181\11358\hotspot\src\share\vm\prims\jvm.cpp, line 1435]
Event: 2.197 Thread 0x00000000028c7800 Exception <a 'java/security/PrivilegedActionException'> (0x00000000e0e97cf8) thrown at [C:\re\workspace\8-2-build-windows-amd64-cygwin\jdk8u181\11358\hotspot\src\share\vm\prims\jvm.cpp, line 1435]
Event: 2.197 Thread 0x00000000028c7800 Exception <a 'java/security/PrivilegedActionException'> (0x00000000e0e994c0) thrown at [C:\re\workspace\8-2-build-windows-amd64-cygwin\jdk8u181\11358\hotspot\src\share\vm\prims\jvm.cpp, line 1435]
Event: 2.197 Thread 0x00000000028c7800 Exception <a 'java/security/PrivilegedActionException'> (0x00000000e0e996d0) thrown at [C:\re\workspace\8-2-build-windows-amd64-cygwin\jdk8u181\11358\hotspot\src\share\vm\prims\jvm.cpp, line 1435]
Event: 3.868 Thread 0x00000000028c7800 Exception <a 'java/io/FileNotFoundException'> (0x00000000e106c0e8) thrown at [C:\re\workspace\8-2-build-windows-amd64-cygwin\jdk8u181\11358\hotspot\src\share\vm\prims\jni.cpp, line 709]
Event: 3.875 Thread 0x00000000028c7800 Exception <a 'java/io/FileNotFoundException'> (0x00000000e10a0600) thrown at [C:\re\workspace\8-2-build-windows-amd64-cygwin\jdk8u181\11358\hotspot\src\share\vm\prims\jni.cpp, line 709]

Events (10 events):
Event: 3.839 Thread 0x00000000028c7800 DEOPT PACKING pc=0x0000000002d3bc55 sp=0x00000000028be480
Event: 3.839 Thread 0x00000000028c7800 DEOPT UNPACKING pc=0x0000000002a07890 sp=0x00000000028be170 mode 0
Event: 3.868 loading class com/sun/tools/javac/file/JavacFileManager$MissingArchive
Event: 3.868 loading class com/sun/tools/javac/file/JavacFileManager$MissingArchive done
Event: 3.936 Thread 0x00000000028c7800 DEOPT PACKING pc=0x0000000002d42d17 sp=0x00000000028be560
Event: 3.936 Thread 0x00000000028c7800 DEOPT UNPACKING pc=0x0000000002a07890 sp=0x00000000028be2d8 mode 0
Event: 3.993 Executing VM operation: ParallelGCFailedAllocation
Event: 4.196 Executing VM operation: ParallelGCFailedAllocation done
Event: 4.233 Thread 0x00000000028c7800 DEOPT PACKING pc=0x0000000002d41494 sp=0x00000000028be580
Event: 4.233 Thread 0x00000000028c7800 DEOPT UNPACKING pc=0x0000000002a07890 sp=0x00000000028be2c0 mode 0


Dynamic libraries:
0x00007ff6c2230000 - 0x00007ff6c2237000 	C:\Program Files\Java\jdk1.8.0_181\bin\javac.exe
0x00007ffbc6220000 - 0x00007ffbc640d000 	C:\WINDOWS\SYSTEM32\ntdll.dll
0x00007ffbc4a30000 - 0x00007ffbc4ae3000 	C:\WINDOWS\System32\KERNEL32.DLL
0x00007ffbc2fd0000 - 0x00007ffbc3263000 	C:\WINDOWS\System32\KERNELBASE.dll
0x0000000053110000 - 0x000000005313f000 	C:\Program Files\Java\jdk1.8.0_181\bin\jli.dll
0x00007ffbc3c30000 - 0x00007ffbc3cd3000 	C:\WINDOWS\System32\ADVAPI32.dll
0x00007ffbc3e80000 - 0x00007ffbc3f1e000 	C:\WINDOWS\System32\msvcrt.dll
0x00007ffbc6140000 - 0x00007ffbc61de000 	C:\WINDOWS\System32\sechost.dll
0x00007ffbc3620000 - 0x00007ffbc3743000 	C:\WINDOWS\System32\RPCRT4.dll
0x00007ffbc3ce0000 - 0x00007ffbc3e77000 	C:\WINDOWS\System32\USER32.dll
0x00007ffbc2bc0000 - 0x00007ffbc2be0000 	C:\WINDOWS\System32\win32u.dll
0x00007ffbc6110000 - 0x00007ffbc6139000 	C:\WINDOWS\System32\GDI32.dll
0x00007ffbc2d40000 - 0x00007ffbc2eda000 	C:\WINDOWS\System32\gdi32full.dll
0x00007ffbc2ee0000 - 0x00007ffbc2f80000 	C:\WINDOWS\System32\msvcp_win.dll
0x00007ffbc2a60000 - 0x00007ffbc2b5c000 	C:\WINDOWS\System32\ucrtbase.dll
0x00007ffbb06b0000 - 0x00007ffbb0929000 	C:\WINDOWS\WinSxS\amd64_microsoft.windows.common-controls_6595b64144ccf1df_6.0.17763.107_none_05b63884071e656e\COMCTL32.dll
0x00007ffbc4130000 - 0x00007ffbc445e000 	C:\WINDOWS\System32\combase.dll
0x00007ffbc2c90000 - 0x00007ffbc2d0e000 	C:\WINDOWS\System32\bcryptPrimitives.dll
0x00000000514f0000 - 0x00000000515c2000 	C:\Program Files\Java\jdk1.8.0_181\bin\MSVCR100.dll
0x00007ffbc3f20000 - 0x00007ffbc3f4e000 	C:\WINDOWS\System32\IMM32.DLL
0x0000000052620000 - 0x00000000526f2000 	C:\Program Files\Java\jdk1.8.0_181\jre\bin\msvcr100.dll
0x0000000052700000 - 0x0000000052fa2000 	C:\Program Files\Java\jdk1.8.0_181\jre\bin\server\jvm.dll
0x00007ffbc3450000 - 0x00007ffbc3458000 	C:\WINDOWS\System32\PSAPI.DLL
0x00007ffbba860000 - 0x00007ffbba869000 	C:\WINDOWS\SYSTEM32\WSOCK32.dll
0x00007ffbbf060000 - 0x00007ffbbf084000 	C:\WINDOWS\SYSTEM32\WINMM.dll
0x00007ffbc46a0000 - 0x00007ffbc470d000 	C:\WINDOWS\System32\WS2_32.dll
0x00007ffbbfec0000 - 0x00007ffbbfeca000 	C:\WINDOWS\SYSTEM32\VERSION.dll
0x00007ffbbf030000 - 0x00007ffbbf05d000 	C:\WINDOWS\SYSTEM32\winmmbase.dll
0x00007ffbc2f80000 - 0x00007ffbc2fca000 	C:\WINDOWS\System32\cfgmgr32.dll
0x00000000525d0000 - 0x00000000525df000 	C:\Program Files\Java\jdk1.8.0_181\jre\bin\verify.dll
0x00000000525a0000 - 0x00000000525c9000 	C:\Program Files\Java\jdk1.8.0_181\jre\bin\java.dll
0x0000000052580000 - 0x0000000052596000 	C:\Program Files\Java\jdk1.8.0_181\jre\bin\zip.dll
0x00007ffbc4ba0000 - 0x00007ffbc608f000 	C:\WINDOWS\System32\SHELL32.dll
0x00007ffbc4af0000 - 0x00007ffbc4b98000 	C:\WINDOWS\System32\shcore.dll
0x00007ffbc2310000 - 0x00007ffbc2a58000 	C:\WINDOWS\System32\windows.storage.dll
0x00007ffbc22c0000 - 0x00007ffbc22e4000 	C:\WINDOWS\System32\profapi.dll
0x00007ffbc2220000 - 0x00007ffbc227d000 	C:\WINDOWS\System32\powrprof.dll
0x00007ffbc3750000 - 0x00007ffbc37a2000 	C:\WINDOWS\System32\shlwapi.dll
0x00007ffbc22a0000 - 0x00007ffbc22b1000 	C:\WINDOWS\System32\kernel.appcore.dll
0x00007ffbc22f0000 - 0x00007ffbc2307000 	C:\WINDOWS\System32\cryptsp.dll
0x00007ffbc1d60000 - 0x00007ffbc1f4d000 	C:\WINDOWS\SYSTEM32\dbghelp.dll

VM Arguments:
jvm_args: -Dapplication.home=C:\Program Files\Java\jdk1.8.0_181 -Xms8m 
java_command: com.sun.tools.javac.Main -d E:\Projects\Netbeans\Acme Exams App\build\classes -classpath E:\Projects\Netbeans\Acme Exams App\build\classes;C:\Program Files\NetBeans 8.2\java\modules\ext\beansbinding-1.2.1.jar;C:\Program Files\NetBeans 8.2\java\modules\ext\AbsoluteLayout.jar;E:\Projects\Netbeans\Libraries\JTattoo-1.6.11.jar;E:\Projects\Netbeans\Libraries\jcalendar-1.4.jar;E:\Projects\Netbeans\Libraries\sqlite-jdbc-3.21.0.jar;E:\Projects\Netbeans\Libraries\jasperreports-5.6.0\dist\jasperreports-5.6.0.jar;E:\Projects\Netbeans\Libraries\jasperreports-5.6.0\dist\jasperreports-fonts-5.6.0.jar;E:\Projects\Netbeans\Libraries\jasperreports-5.6.0\dist\jasperreports-javaflow-5.6.0.jar;E:\Projects\Netbeans\Libraries\reports libraries\lib\antlr-2.7.5.jar;E:\Projects\Netbeans\Libraries\reports libraries\lib\barbecue-1.5-beta1.jar;E:\Projects\Netbeans\Libraries\reports libraries\lib\barcode4j-2.1.jar;E:\Projects\Netbeans\Libraries\reports libraries\lib\batik-anim.jar;E:\Projects\Netbeans\Libraries\reports libraries\lib\batik-awt-util.jar;E:\Projects\Netbeans\Libraries\reports libraries\lib\batik-bridge.jar;E:\Projects\Netbeans\Libraries\reports libraries\lib\batik-css.jar;E:\Projects\Netbeans\Libraries\reports libraries\lib\batik-dom.jar;E:\Projects\Netbeans\Libraries\reports libraries\lib\batik-ext.jar;E:\Projects\Netbeans\Libraries\reports libraries\lib\batik-gvt.jar;E:\Projects\Netbeans\Libraries\reports libraries\lib\batik-parser.jar;E:\Projects\Netbeans\Libraries\reports libraries\lib\batik-script.jar;E:\Projects\Netbeans\Libraries\reports libraries\lib\batik-svg-dom.jar;E:\Projects\Netbeans\Libraries\reports libraries\lib\batik-svggen.jar;E:\Projects\Netbeans\Libraries\reports libraries\lib\batik-util.jar;E:\Projects\Netbeans\Libraries\reports libraries\lib\batik-xml.jar;E:\Projects\Netbeans\Libraries\reports libraries\lib\bcel-5.2.jar;E:\Projects\Netbeans\Libraries\reports libraries\lib\bsh-2.0b4.jar;E:\Projects\Netbeans\Libraries\reports libraries\lib\casto
java_class_path (initial): C:\Program Files\Java\jdk1.8.0_181/lib/tools.jar;C:\Program Files\Java\jdk1.8.0_181/classes
Launcher Type: SUN_STANDARD

Environment Variables:
PATH=C:\Program Files (x86)\Common Files\Oracle\Java\javapath;C:\WINDOWS\system32;C:\WINDOWS;C:\WINDOWS\System32\Wbem;C:\WINDOWS\System32\WindowsPowerShell\v1.0\;C:\WINDOWS\System32\OpenSSH\;C:\Program Files\Microsoft\Web Platform Installer\;C:\Program Files (x86)\Microsoft ASP.NET\ASP.NET Web Pages\v1.0\;C:\Program Files (x86)\Windows Kits\8.0\Windows Performance Toolkit\;C:\Program Files\Microsoft SQL Server\110\Tools\Binn\;C:\Users\Ritch\AppData\Local\Microsoft\WindowsApps
USERNAME=Ritch
OS=Windows_NT
PROCESSOR_IDENTIFIER=Intel64 Family 6 Model 42 Stepping 7, GenuineIntel



---------------  S Y S T E M  ---------------

OS: Windows 10.0 , 64 bit Build 17763 (10.0.17763.1)

CPU:total 4 (initial active 4) (2 cores per cpu, 2 threads per core) family 6 model 42 stepping 7, cmov, cx8, fxsr, mmx, sse, sse2, sse3, ssse3, sse4.1, sse4.2, popcnt, avx, clmul, ht, tsc, tscinvbit

Memory: 4k page, physical 6161772k(2786588k free), swap 8389996k(4235916k free)

vm_info: Java HotSpot(TM) 64-Bit Server VM (25.181-b13) for windows-amd64 JRE (1.8.0_181-b13), built on Jul  7 2018 04:01:33 by "java_re" with MS VC++ 10.0 (VS2010)

time: Thu Jul 25 14:17:46 2019
elapsed time: 4 seconds (0d 0h 0m 4s)

