#
# A fatal error has been detected by the Java Runtime Environment:
#
#  EXCEPTION_ACCESS_VIOLATION (0xc0000005) at pc=0x000000006fd6e7c0, pid=3164, tid=0x00000000000011d4
#
# JRE version: Java(TM) SE Runtime Environment (8.0_181-b13) (build 1.8.0_181-b13)
# Java VM: Java HotSpot(TM) 64-Bit Server VM (25.181-b13 mixed mode windows-amd64 compressed oops)
# Problematic frame:
# V  [jvm.dll+0x4be7c0]
#
# Failed to write core dump. Minidumps are not enabled by default on client versions of Windows
#
# If you would like to submit a bug report, please visit:
#   http://bugreport.java.com/bugreport/crash.jsp
#

---------------  T H R E A D  ---------------

Current thread (0x0000000015b63800):  JavaThread "C2 CompilerThread0" daemon [_thread_in_native, id=4564, stack(0x00000000170b0000,0x00000000171b0000)]

siginfo: ExceptionCode=0xc0000005, reading address 0x000000006ed922e0

Registers:
RAX=0x00000000171aca80, RBX=0x0000000000000005, RCX=0x0000000017f29ea0, RDX=0x0000000015b9a110
RSP=0x00000000171ac540, RBP=0x000000001804ae40, RSI=0xfffffffffffffff8, RDI=0x00000000171ac6c0
R8 =0x00000000000009f0, R9 =0x00000000171ac590, R10=0x00000000700d3440, R11=0x000000006f8b0000
R12=0x0000000019ab36e0, R13=0x0000000000000010, R14=0x0000000015b9a310, R15=0x00000000180157d0
RIP=0x000000006fd6e7c0, EFLAGS=0x0000000000010293

Top of Stack: (sp=0x00000000171ac540)
0x00000000171ac540:   00000000171ac6c0 0000000000000001
0x00000000171ac550:   0000000018048f50 0000000000000000
0x00000000171ac560:   00000000000009f0 0000000015b26870
0x00000000171ac570:   0000000017f5afe0 0000000000133168
0x00000000171ac580:   0000000017f5fa40 0000000017f62fc8
0x00000000171ac590:   000000006ff2c7a8 0000000015b26870
0x00000000171ac5a0:   0000000000000020 000000001804be80
0x00000000171ac5b0:   00000000171ac680 00000000000003d8
0x00000000171ac5c0:   00000000197c9e48 00000000197c9a70
0x00000000171ac5d0:   0000000000000000 00000000197c9a60
0x00000000171ac5e0:   00000000171ac700 00000000171ac970
0x00000000171ac5f0:   00000000171aca80 000000006fd1b413
0x00000000171ac600:   0000000000000004 0000000000000005
0x00000000171ac610:   000000000000013f 0000000000000020
0x00000000171ac620:   0000000000000006 00000000197c9a60
0x00000000171ac630:   0000000019a7f430 0000000019a86700 

Instructions: (pc=0x000000006fd6e7c0)
0x000000006fd6e7a0:   eb 03 45 33 f6 41 0f b6 46 2c 24 0f 3c 0c 0f 84
0x000000006fd6e7b0:   86 01 00 00 48 8b 47 40 49 63 56 28 48 8b 48 18
0x000000006fd6e7c0:   8b 1c 91 85 db 74 54 49 8b 47 08 8b cb 48 c1 e9
0x000000006fd6e7d0:   08 4c 8b 0c c8 4d 3b ca 75 14 8b d3 49 8b cf e8 


Register to memory mapping:

RAX=0x00000000171aca80 is pointing into the stack for thread: 0x0000000015b63800
RBX=0x0000000000000005 is an unknown value
RCX=0x0000000017f29ea0 is an unknown value
RDX=0x0000000015b9a110 is an unknown value
RSP=0x00000000171ac540 is pointing into the stack for thread: 0x0000000015b63800
RBP=0x000000001804ae40 is an unknown value
RSI=0xfffffffffffffff8 is an unknown value
RDI=0x00000000171ac6c0 is pointing into the stack for thread: 0x0000000015b63800
R8 =0x00000000000009f0 is an unknown value
R9 =0x00000000171ac590 is pointing into the stack for thread: 0x0000000015b63800
R10=0x00000000700d3440 is an unknown value
R11=0x000000006f8b0000 is an unknown value
R12=0x0000000019ab36e0 is an unknown value
R13=0x0000000000000010 is an unknown value
R14=0x0000000015b9a310 is an unknown value
R15=0x00000000180157d0 is an unknown value


Stack: [0x00000000170b0000,0x00000000171b0000],  sp=0x00000000171ac540,  free space=1009k
Native frames: (J=compiled Java code, j=interpreted, Vv=VM code, C=native code)
V  [jvm.dll+0x4be7c0]
V  [jvm.dll+0x46b413]
V  [jvm.dll+0x476c1b]
V  [jvm.dll+0x479527]
V  [jvm.dll+0x45bd02]
V  [jvm.dll+0xa6b02]
V  [jvm.dll+0xa744f]
V  [jvm.dll+0x245d2f]
V  [jvm.dll+0x29e64a]
C  [msvcr100.dll+0x21d9f]
C  [msvcr100.dll+0x21e3b]
C  [KERNEL32.DLL+0x16ad]
C  [ntdll.dll+0x154f4]


Current CompileTask:
C2:   8965 1008   !   4       sun.awt.image.PNGImageDecoder::produceImage (1916 bytes)


---------------  P R O C E S S  ---------------

Java Threads: ( => current thread )
  0x000000001757b000 JavaThread "SwingWorker-pool-1-thread-3" daemon [_thread_blocked, id=4836, stack(0x000000001ac90000,0x000000001ad90000)]
  0x0000000017579000 JavaThread "Image Fetcher 0" daemon [_thread_blocked, id=5068, stack(0x000000001ab90000,0x000000001ac90000)]
  0x0000000017578000 JavaThread "SwingWorker-pool-1-thread-2" daemon [_thread_blocked, id=4484, stack(0x00000000196c0000,0x00000000197c0000)]
  0x0000000017eda000 JavaThread "TimerQueue" daemon [_thread_blocked, id=3192, stack(0x00000000195c0000,0x00000000196c0000)]
  0x0000000017ebe000 JavaThread "SwingWorker-pool-1-thread-1" daemon [_thread_blocked, id=4688, stack(0x00000000194c0000,0x00000000195c0000)]
  0x0000000017dc5800 JavaThread "Abandoned connection cleanup thread" daemon [_thread_blocked, id=2032, stack(0x0000000018de0000,0x0000000018ee0000)]
  0x00000000021f3800 JavaThread "DestroyJavaVM" [_thread_blocked, id=4216, stack(0x00000000020f0000,0x00000000021f0000)]
  0x0000000017db3800 JavaThread "AWT-EventQueue-0" [_thread_blocked, id=4468, stack(0x0000000018ae0000,0x0000000018be0000)]
  0x0000000017cc2800 JavaThread "AWT-Windows" daemon [_thread_in_native, id=2936, stack(0x00000000184a0000,0x00000000185a0000)]
  0x0000000017cc2000 JavaThread "AWT-Shutdown" [_thread_blocked, id=4344, stack(0x00000000183a0000,0x00000000184a0000)]
  0x0000000017d65000 JavaThread "Java2D Disposer" daemon [_thread_blocked, id=3828, stack(0x00000000182a0000,0x00000000183a0000)]
  0x00000000173dd000 JavaThread "Service Thread" daemon [_thread_blocked, id=3248, stack(0x00000000177b0000,0x00000000178b0000)]
  0x0000000015b6d800 JavaThread "C1 CompilerThread2" daemon [_thread_blocked, id=4756, stack(0x00000000172b0000,0x00000000173b0000)]
  0x0000000015b6a800 JavaThread "C2 CompilerThread1" daemon [_thread_blocked, id=3980, stack(0x00000000171b0000,0x00000000172b0000)]
=>0x0000000015b63800 JavaThread "C2 CompilerThread0" daemon [_thread_in_native, id=4564, stack(0x00000000170b0000,0x00000000171b0000)]
  0x0000000015b62000 JavaThread "Attach Listener" daemon [_thread_blocked, id=3888, stack(0x0000000016fb0000,0x00000000170b0000)]
  0x0000000015b61000 JavaThread "Signal Dispatcher" daemon [_thread_blocked, id=3752, stack(0x0000000016eb0000,0x0000000016fb0000)]
  0x00000000022ed800 JavaThread "Finalizer" daemon [_thread_blocked, id=1544, stack(0x0000000016db0000,0x0000000016eb0000)]
  0x0000000015b29000 JavaThread "Reference Handler" daemon [_thread_blocked, id=3852, stack(0x0000000016cb0000,0x0000000016db0000)]

Other Threads:
  0x0000000015b27800 VMThread [stack: 0x0000000016bb0000,0x0000000016cb0000] [id=3784]
  0x00000000173ed800 WatcherThread [stack: 0x00000000178b0000,0x00000000179b0000] [id=4156]

VM state:not at safepoint (normal execution)

VM Mutex/Monitor currently owned by a thread: None

Heap:
 PSYoungGen      total 28672K, used 22001K [0x00000000e0a00000, 0x00000000e2a00000, 0x0000000100000000)
  eden space 24576K, 89% used [0x00000000e0a00000,0x00000000e1f7c768,0x00000000e2200000)
  from space 4096K, 0% used [0x00000000e2600000,0x00000000e2600000,0x00000000e2a00000)
  to   space 4096K, 0% used [0x00000000e2200000,0x00000000e2200000,0x00000000e2600000)
 ParOldGen       total 65536K, used 0K [0x00000000a1e00000, 0x00000000a5e00000, 0x00000000e0a00000)
  object space 65536K, 0% used [0x00000000a1e00000,0x00000000a1e00000,0x00000000a5e00000)
 Metaspace       used 15150K, capacity 15352K, committed 15616K, reserved 1062912K
  class space    used 1856K, capacity 1934K, committed 2048K, reserved 1048576K

Card table byte_map: [0x00000000116b0000,0x00000000119b0000] byte_map_base: 0x00000000111a1000

Marking Bits: (ParMarkBitMap*) 0x00000000700d2d00
 Begin Bits: [0x0000000011fb0000, 0x0000000013738000)
 End Bits:   [0x0000000013738000, 0x0000000014ec0000)

Polling page: 0x0000000000650000

CodeCache: size=245760Kb used=3584Kb max_used=3609Kb free=242175Kb
 bounds [0x00000000022f0000, 0x0000000002680000, 0x00000000112f0000]
 total_blobs=1583 nmethods=1054 adapters=442
 compilation: enabled

Compilation events (10 events):
Event: 8.844 Thread 0x0000000015b6d800 1050   !   3       sun.java2d.SunGraphics2D::clone (114 bytes)
Event: 8.845 Thread 0x0000000015b6d800 nmethod 1050 0x0000000002666ad0 code [0x0000000002666cc0, 0x00000000026676c8]
Event: 8.845 Thread 0x0000000015b6d800 1052       3       java.lang.reflect.Method::<init> (68 bytes)
Event: 8.846 Thread 0x0000000015b6d800 nmethod 1052 0x0000000002667b10 code [0x0000000002667c80, 0x0000000002667fd0]
Event: 8.846 Thread 0x0000000015b6d800 1053       3       java.awt.font.FontRenderContext::equals (127 bytes)
Event: 8.850 Thread 0x0000000015b6d800 nmethod 1053 0x0000000002668150 code [0x0000000002668400, 0x0000000002669718]
Event: 8.850 Thread 0x0000000015b6d800 1054       3       java.awt.Container::getComponentCount (5 bytes)
Event: 8.851 Thread 0x0000000015b6d800 nmethod 1054 0x0000000002669c50 code [0x0000000002669dc0, 0x000000000266a0a8]
Event: 8.856 Thread 0x0000000015b6d800 1055       3       sun.util.locale.LocaleUtils::toLower (17 bytes)
Event: 8.857 Thread 0x0000000015b6d800 nmethod 1055 0x000000000266a190 code [0x000000000266a300, 0x000000000266a570]

GC Heap History (0 events):
No events

Deoptimization events (3 events):
Event: 0.264 Thread 0x00000000021f3800 Uncommon trap: reason=unstable_if action=reinterpret pc=0x0000000002412db8 method=java.lang.String.hashCode()I @ 14
Event: 0.933 Thread 0x0000000017db3800 Uncommon trap: reason=unstable_if action=reinterpret pc=0x0000000002512398 method=java.lang.String.indexOf([CII[CIII)I @ 3
Event: 1.413 Thread 0x0000000017db3800 Uncommon trap: reason=unstable_if action=reinterpret pc=0x0000000002551904 method=org.sqlite.SQLiteJDBCLoader.contentsEquals(Ljava/io/InputStream;Ljava/io/InputStream;)Z @ 39

Classes redefined (0 events):
No events

Internal exceptions (10 events):
Event: 0.249 Thread 0x00000000021f3800 Exception <a 'java/security/PrivilegedActionException'> (0x00000000e0c08f00) thrown at [C:\re\workspace\8-2-build-windows-amd64-cygwin\jdk8u181\11358\hotspot\src\share\vm\prims\jvm.cpp, line 1435]
Event: 0.302 Thread 0x00000000021f3800 Exception <a 'java/security/PrivilegedActionException'> (0x00000000e0c680f0) thrown at [C:\re\workspace\8-2-build-windows-amd64-cygwin\jdk8u181\11358\hotspot\src\share\vm\prims\jvm.cpp, line 1435]
Event: 0.302 Thread 0x00000000021f3800 Exception <a 'java/security/PrivilegedActionException'> (0x00000000e0c68300) thrown at [C:\re\workspace\8-2-build-windows-amd64-cygwin\jdk8u181\11358\hotspot\src\share\vm\prims\jvm.cpp, line 1435]
Event: 0.303 Thread 0x00000000021f3800 Exception <a 'java/security/PrivilegedActionException'> (0x00000000e0c6c210) thrown at [C:\re\workspace\8-2-build-windows-amd64-cygwin\jdk8u181\11358\hotspot\src\share\vm\prims\jvm.cpp, line 1435]
Event: 0.303 Thread 0x00000000021f3800 Exception <a 'java/security/PrivilegedActionException'> (0x00000000e0c6c420) thrown at [C:\re\workspace\8-2-build-windows-amd64-cygwin\jdk8u181\11358\hotspot\src\share\vm\prims\jvm.cpp, line 1435]
Event: 0.308 Thread 0x00000000021f3800 Exception <a 'java/io/FileNotFoundException'> (0x00000000e0c6e670) thrown at [C:\re\workspace\8-2-build-windows-amd64-cygwin\jdk8u181\11358\hotspot\src\share\vm\prims\jni.cpp, line 709]
Event: 0.384 Thread 0x00000000021f3800 Exception <a 'java/lang/NoSuchFieldError': method resolution failed> (0x00000000e0d3faa0) thrown at [C:\re\workspace\8-2-build-windows-amd64-cygwin\jdk8u181\11358\hotspot\src\share\vm\prims\methodHandles.cpp, line 1167]
Event: 0.388 Thread 0x00000000021f3800 Exception <a 'java/lang/NoSuchFieldError': method resolution failed> (0x00000000e0d4cdf0) thrown at [C:\re\workspace\8-2-build-windows-amd64-cygwin\jdk8u181\11358\hotspot\src\share\vm\prims\methodHandles.cpp, line 1167]
Event: 0.531 Thread 0x00000000021f3800 Exception <a 'java/io/FileNotFoundException'> (0x00000000e0edab40) thrown at [C:\re\workspace\8-2-build-windows-amd64-cygwin\jdk8u181\11358\hotspot\src\share\vm\prims\jni.cpp, line 709]
Event: 0.715 Thread 0x00000000021f3800 Exception <a 'java/io/FileNotFoundException'> (0x00000000e10bf180) thrown at [C:\re\workspace\8-2-build-windows-amd64-cygwin\jdk8u181\11358\hotspot\src\share\vm\prims\jni.cpp, line 709]

Events (10 events):
Event: 8.853 loading class java/awt/event/AWTEventListenerProxy
Event: 8.854 loading class java/awt/event/AWTEventListenerProxy done
Event: 8.854 loading class java/awt/Toolkit$ToolkitEventMulticaster
Event: 8.854 loading class java/awt/Toolkit$ToolkitEventMulticaster done
Event: 8.857 loading class java/awt/event/ContainerEvent
Event: 8.858 loading class java/awt/event/ContainerEvent done
Event: 8.858 Executing VM operation: RevokeBias
Event: 8.858 Executing VM operation: RevokeBias done
Event: 8.858 Executing VM operation: RevokeBias
Event: 8.859 Executing VM operation: RevokeBias done


Dynamic libraries:
0x00007ff703770000 - 0x00007ff7037a7000 	C:\Program Files\Java\jdk1.8.0_181\bin\java.exe
0x00007ffe2cd90000 - 0x00007ffe2cf3d000 	C:\Windows\SYSTEM32\ntdll.dll
0x00007ffe2cc50000 - 0x00007ffe2cd8a000 	C:\Windows\system32\KERNEL32.DLL
0x00007ffe2a0f0000 - 0x00007ffe2a206000 	C:\Windows\system32\KERNELBASE.dll
0x00007ffe28040000 - 0x00007ffe280ce000 	C:\Windows\system32\apphelp.dll
0x00007ffe12240000 - 0x00007ffe12294000 	C:\Windows\AppPatch\AppPatch64\AcGenral.DLL
0x00007ffe2abe0000 - 0x00007ffe2ac87000 	C:\Windows\system32\msvcrt.dll
0x00007ffe2a070000 - 0x00007ffe2a09e000 	C:\Windows\system32\SspiCli.dll
0x00007ffe2cbf0000 - 0x00007ffe2cc41000 	C:\Windows\system32\SHLWAPI.dll
0x00007ffe2a450000 - 0x00007ffe2a5c7000 	C:\Windows\system32\USER32.dll
0x00007ffe2c390000 - 0x00007ffe2c524000 	C:\Windows\system32\ole32.dll
0x00007ffe2ad00000 - 0x00007ffe2c22b000 	C:\Windows\system32\SHELL32.dll
0x00007ffe29160000 - 0x00007ffe2917e000 	C:\Windows\SYSTEM32\USERENV.dll
0x00007ffe2a8e0000 - 0x00007ffe2a98a000 	C:\Windows\system32\ADVAPI32.dll
0x00007ffe18040000 - 0x00007ffe1805b000 	C:\Windows\SYSTEM32\MPR.dll
0x00007ffe2ca00000 - 0x00007ffe2cb40000 	C:\Windows\system32\RPCRT4.dll
0x00007ffe2c780000 - 0x00007ffe2c7d9000 	C:\Windows\SYSTEM32\sechost.dll
0x00007ffe2c7e0000 - 0x00007ffe2c9f2000 	C:\Windows\SYSTEM32\combase.dll
0x00007ffe2a9c0000 - 0x00007ffe2ab0c000 	C:\Windows\system32\GDI32.dll
0x00007ffe29ef0000 - 0x00007ffe29f04000 	C:\Windows\SYSTEM32\profapi.dll
0x00007ffe28be0000 - 0x00007ffe28c7f000 	C:\Windows\SYSTEM32\SHCORE.dll
0x00007ffe2cb40000 - 0x00007ffe2cb74000 	C:\Windows\system32\IMM32.DLL
0x00007ffe2c230000 - 0x00007ffe2c381000 	C:\Windows\system32\MSCTF.dll
0x00007ffe296d0000 - 0x00007ffe2994b000 	C:\Windows\WinSxS\amd64_microsoft.windows.common-controls_6595b64144ccf1df_6.0.9600.18006_none_623f33d3ecbe86e8\COMCTL32.dll
0x0000000070160000 - 0x0000000070232000 	C:\Program Files\Java\jdk1.8.0_181\jre\bin\msvcr100.dll
0x000000006f8b0000 - 0x0000000070152000 	C:\Program Files\Java\jdk1.8.0_181\jre\bin\server\jvm.dll
0x00007ffe253b0000 - 0x00007ffe253b9000 	C:\Windows\SYSTEM32\WSOCK32.dll
0x00007ffe29670000 - 0x00007ffe2968f000 	C:\Windows\SYSTEM32\WINMM.dll
0x00007ffe239e0000 - 0x00007ffe239ea000 	C:\Windows\SYSTEM32\VERSION.dll
0x00007ffe2a990000 - 0x00007ffe2a997000 	C:\Windows\system32\PSAPI.DLL
0x00007ffe2c720000 - 0x00007ffe2c77a000 	C:\Windows\system32\WS2_32.dll
0x00007ffe29640000 - 0x00007ffe2966a000 	C:\Windows\SYSTEM32\WINMMBASE.dll
0x00007ffe2cb80000 - 0x00007ffe2cb89000 	C:\Windows\system32\NSI.dll
0x00007ffe2a0a0000 - 0x00007ffe2a0ea000 	C:\Windows\SYSTEM32\cfgmgr32.dll
0x00007ffe28290000 - 0x00007ffe282b6000 	C:\Windows\SYSTEM32\DEVOBJ.dll
0x000000006f8a0000 - 0x000000006f8af000 	C:\Program Files\Java\jdk1.8.0_181\jre\bin\verify.dll
0x000000006f870000 - 0x000000006f899000 	C:\Program Files\Java\jdk1.8.0_181\jre\bin\java.dll
0x000000006f850000 - 0x000000006f866000 	C:\Program Files\Java\jdk1.8.0_181\jre\bin\zip.dll
0x000000006f670000 - 0x000000006f809000 	C:\Program Files\Java\jdk1.8.0_181\jre\bin\awt.dll
0x00007ffe2ab10000 - 0x00007ffe2abd6000 	C:\Windows\system32\OLEAUT32.dll
0x00007ffe28110000 - 0x00007ffe28239000 	C:\Windows\system32\uxtheme.dll
0x00007ffe27500000 - 0x00007ffe27520000 	C:\Windows\system32\dwmapi.dll
0x00007ffe282e0000 - 0x00007ffe282ea000 	C:\Windows\SYSTEM32\kernel.appcore.dll
0x00007ffe29dc0000 - 0x00007ffe29dca000 	C:\Windows\SYSTEM32\CRYPTBASE.dll
0x00007ffe29d50000 - 0x00007ffe29db3000 	C:\Windows\SYSTEM32\bcryptPrimitives.dll
0x00007ffe0d280000 - 0x00007ffe0d3a1000 	C:\Windows\system32\opengl32.dll
0x00007ffe12200000 - 0x00007ffe1222c000 	C:\Windows\SYSTEM32\GLU32.dll
0x00007ffe0b000000 - 0x00007ffe0b0f4000 	C:\Windows\SYSTEM32\DDRAW.dll
0x00007ffe18e90000 - 0x00007ffe18e99000 	C:\Windows\SYSTEM32\DCIMAN32.dll
0x00007ffe29420000 - 0x00007ffe2943e000 	C:\Windows\SYSTEM32\CRYPTSP.dll
0x00007ffe29050000 - 0x00007ffe29086000 	C:\Windows\system32\rsaenh.dll
0x00007ffe29950000 - 0x00007ffe29976000 	C:\Windows\SYSTEM32\bcrypt.dll
0x000000006f830000 - 0x000000006f84a000 	C:\Program Files\Java\jdk1.8.0_181\jre\bin\net.dll
0x00007ffe293c0000 - 0x00007ffe29419000 	C:\Windows\system32\mswsock.dll
0x00007ffe286b0000 - 0x00007ffe286da000 	C:\Windows\SYSTEM32\IPHLPAPI.DLL
0x00007ffe28640000 - 0x00007ffe2864a000 	C:\Windows\SYSTEM32\WINNSI.DLL
0x00007ffe24d90000 - 0x00007ffe24da4000 	C:\Windows\SYSTEM32\dhcpcsvc6.DLL
0x00007ffe24d70000 - 0x00007ffe24d89000 	C:\Windows\SYSTEM32\dhcpcsvc.DLL
0x000000006f810000 - 0x000000006f821000 	C:\Program Files\Java\jdk1.8.0_181\jre\bin\nio.dll
0x000000006d080000 - 0x000000006d175000 	C:\Users\Acme\AppData\Local\Temp\sqlite-3.21.0-2d4d820f-6b01-4f3d-b97e-f573b26fd8a1-sqlitejdbc.dll
0x000000006f5e0000 - 0x000000006f627000 	C:\Program Files\Java\jdk1.8.0_181\jre\bin\fontmanager.dll
0x000000006f590000 - 0x000000006f5d2000 	C:\Program Files\Java\jdk1.8.0_181\jre\bin\t2k.dll
0x000000006f550000 - 0x000000006f57a000 	C:\Program Files\Java\jdk1.8.0_181\jre\bin\dcpr.dll
0x00007ffe17da0000 - 0x00007ffe17f29000 	C:\Windows\SYSTEM32\dbghelp.dll

VM Arguments:
jvm_args: -Dfile.encoding=UTF-8 
java_command: main.SplashFrm
java_class_path (initial): C:\Program Files (x86)\NetBeans 8.2\java\modules\ext\beansbinding-1.2.1.jar;C:\Program Files (x86)\NetBeans 8.2\java\modules\ext\AbsoluteLayout.jar;E:\Ritch Back Up\NetBeansProjects\Libraries\sqlite-jdbc-3.21.0.jar;E:\Ritch Back Up\NetBeansProjects\Libraries\JTattoo-1.6.11.jar;E:\Ritch Back Up\NetBeansProjects\Libraries\jcalendar-1.4.jar;C:\Program Files (x86)\NetBeans 8.2\ide\modules\ext\mysql-connector-java-5.1.23-bin.jar;E:\Ritch Back Up\NetBeansProjects\Libraries\jasperreports-5.6.0\lib\ant-1.7.1.jar;E:\Ritch Back Up\NetBeansProjects\Libraries\jasperreports-5.6.0\lib\antlr-2.7.5.jar;E:\Ritch Back Up\NetBeansProjects\Libraries\jasperreports-5.6.0\lib\barbecue-1.5-beta1.jar;E:\Ritch Back Up\NetBeansProjects\Libraries\jasperreports-5.6.0\lib\barcode4j-2.1.jar;E:\Ritch Back Up\NetBeansProjects\Libraries\jasperreports-5.6.0\lib\batik-anim.jar;E:\Ritch Back Up\NetBeansProjects\Libraries\jasperreports-5.6.0\lib\batik-awt-util.jar;E:\Ritch Back Up\NetBeansProjects\Libraries\jasperreports-5.6.0\lib\batik-bridge.jar;E:\Ritch Back Up\NetBeansProjects\Libraries\jasperreports-5.6.0\lib\batik-css.jar;E:\Ritch Back Up\NetBeansProjects\Libraries\jasperreports-5.6.0\lib\batik-dom.jar;E:\Ritch Back Up\NetBeansProjects\Libraries\jasperreports-5.6.0\lib\batik-ext.jar;E:\Ritch Back Up\NetBeansProjects\Libraries\jasperreports-5.6.0\lib\batik-gvt.jar;E:\Ritch Back Up\NetBeansProjects\Libraries\jasperreports-5.6.0\lib\batik-parser.jar;E:\Ritch Back Up\NetBeansProjects\Libraries\jasperreports-5.6.0\lib\batik-script.jar;E:\Ritch Back Up\NetBeansProjects\Libraries\jasperreports-5.6.0\lib\batik-svg-dom.jar;E:\Ritch Back Up\NetBeansProjects\Libraries\jasperreports-5.6.0\lib\batik-svggen.jar;E:\Ritch Back Up\NetBeansProjects\Libraries\jasperreports-5.6.0\lib\batik-util.jar;E:\Ritch Back Up\NetBeansProjects\Libraries\jasperreports-5.6.0\lib\batik-xml.jar;E:\Ritch Back Up\NetBeansProjects\Libraries\jasperreports-5.6.0\lib\bcel-5.2.jar;E:\Ritch Back Up\NetBeansProje
Launcher Type: SUN_STANDARD

Environment Variables:
PATH=C:\Program Files (x86)\Common Files\Oracle\Java\javapath;C:\Windows\system32;C:\Windows;C:\Windows\System32\Wbem;C:\Windows\System32\WindowsPowerShell\v1.0\;C:\Users\Acme\AppData\Local\Programs\Microsoft VS Code\bin
USERNAME=Acme
OS=Windows_NT
PROCESSOR_IDENTIFIER=Intel64 Family 6 Model 42 Stepping 7, GenuineIntel



---------------  S Y S T E M  ---------------

OS: Windows 8.1 , 64 bit Build 9600 (6.3.9600.17056)

CPU:total 4 (initial active 4) (2 cores per cpu, 2 threads per core) family 6 model 42 stepping 7, cmov, cx8, fxsr, mmx, sse, sse2, sse3, ssse3, sse4.1, sse4.2, popcnt, avx, clmul, ht, tsc, tscinvbit

Memory: 4k page, physical 6161772k(3486916k free), swap 12453228k(9107156k free)

vm_info: Java HotSpot(TM) 64-Bit Server VM (25.181-b13) for windows-amd64 JRE (1.8.0_181-b13), built on Jul  7 2018 04:01:33 by "java_re" with MS VC++ 10.0 (VS2010)

time: Tue Dec 04 13:49:00 2018
elapsed time: 8 seconds (0d 0h 0m 8s)

