#
# A fatal error has been detected by the Java Runtime Environment:
#
#  EXCEPTION_ACCESS_VIOLATION (0xc0000005) at pc=0x000000006f927402, pid=76, tid=0x00000000000010c0
#
# JRE version: Java(TM) SE Runtime Environment (8.0_181-b13) (build 1.8.0_181-b13)
# Java VM: Java HotSpot(TM) 64-Bit Server VM (25.181-b13 mixed mode windows-amd64 compressed oops)
# Problematic frame:
# V  [jvm.dll+0x77402]
#
# Failed to write core dump. Minidumps are not enabled by default on client versions of Windows
#
# If you would like to submit a bug report, please visit:
#   http://bugreport.java.com/bugreport/crash.jsp
#

---------------  T H R E A D  ---------------

Current thread (0x0000000002a43800):  JavaThread "main" [_thread_in_vm, id=4288, stack(0x00000000028d0000,0x00000000029d0000)]

siginfo: ExceptionCode=0xc0000005, reading address 0x0000000200000236

Registers:
RAX=0x0000000002a63f90, RBX=0x0000000200000236, RCX=0x0000000002a54c40, RDX=0x00000000000027f2
RSP=0x00000000029cc080, RBP=0x000000007adb2910, RSI=0x00000000029cc180, RDI=0x0000000000000002
R8 =0x0000000017d115b3, R9 =0x000000000000000c, R10=0x000000006f8b0000, R11=0x000000007adb2910
R12=0x000000000000000c, R13=0x0000000017d115b3, R14=0x0000000002a54c40, R15=0x0000000017d115b3
RIP=0x000000006f927402, EFLAGS=0x0000000000010202

Top of Stack: (sp=0x00000000029cc080)
0x00000000029cc080:   00000000029cc410 00000000185a0eb0
0x00000000029cc090:   0000000000000000 0000000002a43800
0x00000000029cc0a0:   0000000000000013 0000000000000013
0x00000000029cc0b0:   00000000029cc960 000000006f9274f4
0x00000000029cc0c0:   000000000000000c 00000000029cc200
0x00000000029cc0d0:   00000000029cc180 0000000017d115b3
0x00000000029cc0e0:   000000007adb2910 00000000700c74b0
0x00000000029cc0f0:   000000000000000c 000000006f904a09
0x00000000029cc100:   000000000000000c 0000000002a43800
0x00000000029cc110:   0000000000000078 00000000701c8d17
0x00000000029cc120:   0000000000000000 0000000000000002
0x00000000029cc130:   0000000000000078 0000000000000cac
0x00000000029cc140:   0000000018680c00 000000a200000001
0x00000000029cc150:   0000000000000078 0000000017d114d0
0x00000000029cc160:   0000000017d1217c 0000000017d115bf
0x00000000029cc170:   0000000002a8bd00 612f6176616a4c00 

Instructions: (pc=0x000000006f927402)
0x000000006f9273e2:   48 63 d2 33 ff 48 8b 1c d0 45 8b e1 4d 8b e8 4c
0x000000006f9273f2:   8b f1 48 85 db 74 4a 8b 6c 24 60 0f 1f 00 ff c7
0x000000006f927402:   39 2b 75 16 48 8b 73 10 45 8b c4 49 8b d5 48 8b
0x000000006f927412:   ce e8 48 49 0c 00 84 c0 75 48 48 8b 5b 08 48 83 


Register to memory mapping:

RAX=0x0000000002a63f90 is an unknown value
RBX=0x0000000200000236 is an unknown value
RCX=0x0000000002a54c40 is an unknown value
RDX=0x00000000000027f2 is an unknown value
RSP=0x00000000029cc080 is pointing into the stack for thread: 0x0000000002a43800
RBP=0x000000007adb2910 is an unknown value
RSI=0x00000000029cc180 is pointing into the stack for thread: 0x0000000002a43800
RDI=0x0000000000000002 is an unknown value
R8 =0x0000000017d115b3 is an unknown value
R9 =0x000000000000000c is an unknown value
R10=0x000000006f8b0000 is an unknown value
R11=0x000000007adb2910 is an unknown value
R12=0x000000000000000c is an unknown value
R13=0x0000000017d115b3 is an unknown value
R14=0x0000000002a54c40 is an unknown value
R15=0x0000000017d115b3 is an unknown value


Stack: [0x00000000028d0000,0x00000000029d0000],  sp=0x00000000029cc080,  free space=1008k
Native frames: (J=compiled Java code, j=interpreted, Vv=VM code, C=native code)
V  [jvm.dll+0x77402]
V  [jvm.dll+0x774f4]
V  [jvm.dll+0x54a09]
V  [jvm.dll+0x54e09]
V  [jvm.dll+0x5d1b0]
V  [jvm.dll+0x60193]
V  [jvm.dll+0x7d099]
V  [jvm.dll+0x7d974]
V  [jvm.dll+0x7f046]
V  [jvm.dll+0x191d4b]
C  [java.dll+0x2111]
C  0x0000000002b58c67

Java frames: (J=compiled Java code, j=interpreted, Vv=VM code)
j  java.lang.ClassLoader.findBootstrapClass(Ljava/lang/String;)Ljava/lang/Class;+0
J 319 C1 java.lang.ClassLoader.loadClass(Ljava/lang/String;Z)Ljava/lang/Class; (122 bytes) @ 0x0000000002cff1dc [0x0000000002cfe9c0+0x81c]
J 319 C1 java.lang.ClassLoader.loadClass(Ljava/lang/String;Z)Ljava/lang/Class; (122 bytes) @ 0x0000000002cff0cc [0x0000000002cfe9c0+0x70c]
J 386 C1 sun.misc.Launcher$AppClassLoader.loadClass(Ljava/lang/String;Z)Ljava/lang/Class; (85 bytes) @ 0x0000000002d2ac2c [0x0000000002d2a280+0x9ac]
J 385 C1 java.lang.ClassLoader.loadClass(Ljava/lang/String;)Ljava/lang/Class; (7 bytes) @ 0x0000000002d2b6cc [0x0000000002d2b5c0+0x10c]
v  ~StubRoutines::call_stub
j  java.lang.Class.forName0(Ljava/lang/String;ZLjava/lang/ClassLoader;Ljava/lang/Class;)Ljava/lang/Class;+0
j  java.lang.Class.forName(Ljava/lang/String;)Ljava/lang/Class;+11
j  com.jtattoo.plaf.acryl.AcrylLookAndFeel.class$(Ljava/lang/String;)Ljava/lang/Class;+1
j  com.jtattoo.plaf.acryl.AcrylLookAndFeel.initClassDefaults(Ljavax/swing/UIDefaults;)V+989
j  javax.swing.plaf.basic.BasicLookAndFeel.getDefaults()Ljavax/swing/UIDefaults;+15
j  javax.swing.plaf.metal.MetalLookAndFeel.getDefaults()Ljavax/swing/UIDefaults;+9
j  javax.swing.UIManager.setLookAndFeel(Ljavax/swing/LookAndFeel;)V+79
j  javax.swing.UIManager.setLookAndFeel(Ljava/lang/String;)V+37
j  main.SplashFrm.main([Ljava/lang/String;)V+11
v  ~StubRoutines::call_stub

---------------  P R O C E S S  ---------------

Java Threads: ( => current thread )
  0x000000001860a000 JavaThread "AWT-Windows" daemon [_thread_in_native, id=4716, stack(0x0000000018de0000,0x0000000018ee0000)]
  0x0000000018614000 JavaThread "AWT-Shutdown" [_thread_blocked, id=2924, stack(0x0000000018ce0000,0x0000000018de0000)]
  0x000000001862e800 JavaThread "Java2D Disposer" daemon [_thread_blocked, id=4980, stack(0x0000000018be0000,0x0000000018ce0000)]
  0x0000000017d20800 JavaThread "Service Thread" daemon [_thread_blocked, id=4968, stack(0x00000000180f0000,0x00000000181f0000)]
  0x00000000163b6800 JavaThread "C1 CompilerThread2" daemon [_thread_blocked, id=3092, stack(0x0000000017bf0000,0x0000000017cf0000)]
  0x00000000163b4000 JavaThread "C2 CompilerThread1" daemon [_thread_blocked, id=2272, stack(0x0000000017af0000,0x0000000017bf0000)]
  0x00000000163b0800 JavaThread "C2 CompilerThread0" daemon [_thread_blocked, id=2036, stack(0x00000000179f0000,0x0000000017af0000)]
  0x00000000163af800 JavaThread "Attach Listener" daemon [_thread_blocked, id=3892, stack(0x00000000178f0000,0x00000000179f0000)]
  0x00000000163ae000 JavaThread "Signal Dispatcher" daemon [_thread_blocked, id=3712, stack(0x00000000177f0000,0x00000000178f0000)]
  0x000000001639b000 JavaThread "Finalizer" daemon [_thread_blocked, id=3288, stack(0x0000000017610000,0x0000000017710000)]
  0x0000000002b34800 JavaThread "Reference Handler" daemon [_thread_blocked, id=1152, stack(0x0000000017510000,0x0000000017610000)]
=>0x0000000002a43800 JavaThread "main" [_thread_in_vm, id=4288, stack(0x00000000028d0000,0x00000000029d0000)]

Other Threads:
  0x0000000016376800 VMThread [stack: 0x0000000017410000,0x0000000017510000] [id=4952]
  0x00000000163cf800 WatcherThread [stack: 0x00000000181f0000,0x00000000182f0000] [id=4136]

VM state:not at safepoint (normal execution)

VM Mutex/Monitor currently owned by a thread: None

Heap:
 PSYoungGen      total 28672K, used 6416K [0x00000000e0a00000, 0x00000000e2a00000, 0x0000000100000000)
  eden space 24576K, 26% used [0x00000000e0a00000,0x00000000e1044158,0x00000000e2200000)
  from space 4096K, 0% used [0x00000000e2600000,0x00000000e2600000,0x00000000e2a00000)
  to   space 4096K, 0% used [0x00000000e2200000,0x00000000e2200000,0x00000000e2600000)
 ParOldGen       total 65536K, used 0K [0x00000000a1e00000, 0x00000000a5e00000, 0x00000000e0a00000)
  object space 65536K, 0% used [0x00000000a1e00000,0x00000000a1e00000,0x00000000a5e00000)
 Metaspace       used 7828K, capacity 8010K, committed 8192K, reserved 1056768K
  class space    used 905K, capacity 986K, committed 1024K, reserved 1048576K

Card table byte_map: [0x0000000011f00000,0x0000000012200000] byte_map_base: 0x00000000119f1000

Marking Bits: (ParMarkBitMap*) 0x00000000700d2d00
 Begin Bits: [0x0000000012800000, 0x0000000013f88000)
 End Bits:   [0x0000000013f88000, 0x0000000015710000)

Polling page: 0x0000000002820000

CodeCache: size=245760Kb used=1968Kb max_used=1970Kb free=243791Kb
 bounds [0x0000000002b40000, 0x0000000002db0000, 0x0000000011b40000]
 total_blobs=727 nmethods=386 adapters=254
 compilation: enabled

Compilation events (10 events):
Event: 0.665 Thread 0x00000000163b6800  382   !   3       java.lang.ref.Finalizer::add (41 bytes)
Event: 0.666 Thread 0x00000000163b6800 nmethod 382 0x0000000002d2bf50 code [0x0000000002d2c0c0, 0x0000000002d2c470]
Event: 0.668 Thread 0x00000000163b6800  383       1       sun.misc.URLClassPath$JarLoader::access$600 (5 bytes)
Event: 0.669 Thread 0x00000000163b6800 nmethod 383 0x0000000002d2bc90 code [0x0000000002d2bde0, 0x0000000002d2bed0]
Event: 0.669 Thread 0x00000000163b6800  384       3       java.io.InputStream::<init> (5 bytes)
Event: 0.669 Thread 0x00000000163b6800 nmethod 384 0x0000000002d2b890 code [0x0000000002d2ba00, 0x0000000002d2bbb0]
Event: 0.673 Thread 0x00000000163b6800  385       3       java.lang.ClassLoader::loadClass (7 bytes)
Event: 0.674 Thread 0x00000000163b6800 nmethod 385 0x0000000002d2b450 code [0x0000000002d2b5c0, 0x0000000002d2b7e8]
Event: 0.674 Thread 0x00000000163b6800  386       3       sun.misc.Launcher$AppClassLoader::loadClass (85 bytes)
Event: 0.675 Thread 0x00000000163b6800 nmethod 386 0x0000000002d2a050 code [0x0000000002d2a280, 0x0000000002d2afa8]

GC Heap History (0 events):
No events

Deoptimization events (1 events):
Event: 0.271 Thread 0x0000000002a43800 Uncommon trap: reason=unstable_if action=reinterpret pc=0x0000000002c60778 method=java.lang.String.hashCode()I @ 14

Classes redefined (0 events):
No events

Internal exceptions (10 events):
Event: 0.255 Thread 0x0000000002a43800 Exception <a 'java/security/PrivilegedActionException'> (0x00000000e0c08cf0) thrown at [C:\re\workspace\8-2-build-windows-amd64-cygwin\jdk8u181\11358\hotspot\src\share\vm\prims\jvm.cpp, line 1435]
Event: 0.255 Thread 0x0000000002a43800 Exception <a 'java/security/PrivilegedActionException'> (0x00000000e0c08f00) thrown at [C:\re\workspace\8-2-build-windows-amd64-cygwin\jdk8u181\11358\hotspot\src\share\vm\prims\jvm.cpp, line 1435]
Event: 0.305 Thread 0x0000000002a43800 Exception <a 'java/security/PrivilegedActionException'> (0x00000000e0c68118) thrown at [C:\re\workspace\8-2-build-windows-amd64-cygwin\jdk8u181\11358\hotspot\src\share\vm\prims\jvm.cpp, line 1435]
Event: 0.305 Thread 0x0000000002a43800 Exception <a 'java/security/PrivilegedActionException'> (0x00000000e0c68328) thrown at [C:\re\workspace\8-2-build-windows-amd64-cygwin\jdk8u181\11358\hotspot\src\share\vm\prims\jvm.cpp, line 1435]
Event: 0.306 Thread 0x0000000002a43800 Exception <a 'java/security/PrivilegedActionException'> (0x00000000e0c6c238) thrown at [C:\re\workspace\8-2-build-windows-amd64-cygwin\jdk8u181\11358\hotspot\src\share\vm\prims\jvm.cpp, line 1435]
Event: 0.306 Thread 0x0000000002a43800 Exception <a 'java/security/PrivilegedActionException'> (0x00000000e0c6c448) thrown at [C:\re\workspace\8-2-build-windows-amd64-cygwin\jdk8u181\11358\hotspot\src\share\vm\prims\jvm.cpp, line 1435]
Event: 0.313 Thread 0x0000000002a43800 Exception <a 'java/io/FileNotFoundException'> (0x00000000e0c6e698) thrown at [C:\re\workspace\8-2-build-windows-amd64-cygwin\jdk8u181\11358\hotspot\src\share\vm\prims\jni.cpp, line 709]
Event: 0.397 Thread 0x0000000002a43800 Exception <a 'java/lang/NoSuchFieldError': method resolution failed> (0x00000000e0d3fda0) thrown at [C:\re\workspace\8-2-build-windows-amd64-cygwin\jdk8u181\11358\hotspot\src\share\vm\prims\methodHandles.cpp, line 1167]
Event: 0.402 Thread 0x0000000002a43800 Exception <a 'java/lang/NoSuchFieldError': method resolution failed> (0x00000000e0d4d0f0) thrown at [C:\re\workspace\8-2-build-windows-amd64-cygwin\jdk8u181\11358\hotspot\src\share\vm\prims\methodHandles.cpp, line 1167]
Event: 0.540 Thread 0x0000000002a43800 Exception <a 'java/io/FileNotFoundException'> (0x00000000e0eda970) thrown at [C:\re\workspace\8-2-build-windows-amd64-cygwin\jdk8u181\11358\hotspot\src\share\vm\prims\jni.cpp, line 709]

Events (10 events):
Event: 0.674 loading class javax/swing/plaf/ComboBoxUI
Event: 0.674 loading class javax/swing/plaf/ComboBoxUI done
Event: 0.674 loading class javax/swing/plaf/basic/BasicComboBoxUI done
Event: 0.675 loading class javax/swing/JComboBox
Event: 0.675 loading class javax/swing/event/ListDataListener
Event: 0.675 loading class javax/swing/event/ListDataListener done
Event: 0.675 loading class javax/swing/JComboBox done
Event: 0.676 loading class javax/swing/border/Border
Event: 0.676 loading class javax/swing/border/Border done
Event: 0.676 loading class javax/swing/JButton


Dynamic libraries:
0x00007ff703770000 - 0x00007ff7037a7000 	C:\Program Files\Java\jdk1.8.0_181\bin\java.exe
0x00007ffe2cd90000 - 0x00007ffe2cf3d000 	C:\Windows\SYSTEM32\ntdll.dll
0x00007ffe2cc50000 - 0x00007ffe2cd8a000 	C:\Windows\system32\KERNEL32.DLL
0x00007ffe2a0f0000 - 0x00007ffe2a206000 	C:\Windows\system32\KERNELBASE.dll
0x00007ffe28040000 - 0x00007ffe280ce000 	C:\Windows\system32\apphelp.dll
0x00007ffe12240000 - 0x00007ffe12294000 	C:\Windows\AppPatch\AppPatch64\AcGenral.DLL
0x00007ffe2abe0000 - 0x00007ffe2ac87000 	C:\Windows\system32\msvcrt.dll
0x00007ffe2a070000 - 0x00007ffe2a09e000 	C:\Windows\system32\SspiCli.dll
0x00007ffe2cbf0000 - 0x00007ffe2cc41000 	C:\Windows\system32\SHLWAPI.dll
0x00007ffe2a450000 - 0x00007ffe2a5c7000 	C:\Windows\system32\USER32.dll
0x00007ffe2c390000 - 0x00007ffe2c524000 	C:\Windows\system32\ole32.dll
0x00007ffe2ad00000 - 0x00007ffe2c22b000 	C:\Windows\system32\SHELL32.dll
0x00007ffe29160000 - 0x00007ffe2917e000 	C:\Windows\SYSTEM32\USERENV.dll
0x00007ffe2a8e0000 - 0x00007ffe2a98a000 	C:\Windows\system32\ADVAPI32.dll
0x00007ffe18040000 - 0x00007ffe1805b000 	C:\Windows\SYSTEM32\MPR.dll
0x00007ffe2ca00000 - 0x00007ffe2cb40000 	C:\Windows\system32\RPCRT4.dll
0x00007ffe2c780000 - 0x00007ffe2c7d9000 	C:\Windows\SYSTEM32\sechost.dll
0x00007ffe2c7e0000 - 0x00007ffe2c9f2000 	C:\Windows\SYSTEM32\combase.dll
0x00007ffe2a9c0000 - 0x00007ffe2ab0c000 	C:\Windows\system32\GDI32.dll
0x00007ffe29ef0000 - 0x00007ffe29f04000 	C:\Windows\SYSTEM32\profapi.dll
0x00007ffe28be0000 - 0x00007ffe28c7f000 	C:\Windows\SYSTEM32\SHCORE.dll
0x00007ffe2cb40000 - 0x00007ffe2cb74000 	C:\Windows\system32\IMM32.DLL
0x00007ffe2c230000 - 0x00007ffe2c381000 	C:\Windows\system32\MSCTF.dll
0x00007ffe296d0000 - 0x00007ffe2994b000 	C:\Windows\WinSxS\amd64_microsoft.windows.common-controls_6595b64144ccf1df_6.0.9600.18006_none_623f33d3ecbe86e8\COMCTL32.dll
0x0000000070160000 - 0x0000000070232000 	C:\Program Files\Java\jdk1.8.0_181\jre\bin\msvcr100.dll
0x000000006f8b0000 - 0x0000000070152000 	C:\Program Files\Java\jdk1.8.0_181\jre\bin\server\jvm.dll
0x00007ffe253b0000 - 0x00007ffe253b9000 	C:\Windows\SYSTEM32\WSOCK32.dll
0x00007ffe29670000 - 0x00007ffe2968f000 	C:\Windows\SYSTEM32\WINMM.dll
0x00007ffe239e0000 - 0x00007ffe239ea000 	C:\Windows\SYSTEM32\VERSION.dll
0x00007ffe2a990000 - 0x00007ffe2a997000 	C:\Windows\system32\PSAPI.DLL
0x00007ffe2c720000 - 0x00007ffe2c77a000 	C:\Windows\system32\WS2_32.dll
0x00007ffe29640000 - 0x00007ffe2966a000 	C:\Windows\SYSTEM32\WINMMBASE.dll
0x00007ffe2cb80000 - 0x00007ffe2cb89000 	C:\Windows\system32\NSI.dll
0x00007ffe2a0a0000 - 0x00007ffe2a0ea000 	C:\Windows\SYSTEM32\cfgmgr32.dll
0x00007ffe28290000 - 0x00007ffe282b6000 	C:\Windows\SYSTEM32\DEVOBJ.dll
0x000000006f8a0000 - 0x000000006f8af000 	C:\Program Files\Java\jdk1.8.0_181\jre\bin\verify.dll
0x000000006f870000 - 0x000000006f899000 	C:\Program Files\Java\jdk1.8.0_181\jre\bin\java.dll
0x000000006f850000 - 0x000000006f866000 	C:\Program Files\Java\jdk1.8.0_181\jre\bin\zip.dll
0x000000006f670000 - 0x000000006f809000 	C:\Program Files\Java\jdk1.8.0_181\jre\bin\awt.dll
0x00007ffe2ab10000 - 0x00007ffe2abd6000 	C:\Windows\system32\OLEAUT32.dll
0x00007ffe28110000 - 0x00007ffe28239000 	C:\Windows\system32\uxtheme.dll
0x00007ffe27500000 - 0x00007ffe27520000 	C:\Windows\system32\dwmapi.dll
0x00007ffe282e0000 - 0x00007ffe282ea000 	C:\Windows\SYSTEM32\kernel.appcore.dll
0x00007ffe29dc0000 - 0x00007ffe29dca000 	C:\Windows\SYSTEM32\CRYPTBASE.dll
0x00007ffe29d50000 - 0x00007ffe29db3000 	C:\Windows\SYSTEM32\bcryptPrimitives.dll
0x00007ffe17da0000 - 0x00007ffe17f29000 	C:\Windows\SYSTEM32\dbghelp.dll

VM Arguments:
jvm_args: -Dfile.encoding=UTF-8 
java_command: main.SplashFrm
java_class_path (initial): C:\Program Files (x86)\NetBeans 8.2\java\modules\ext\beansbinding-1.2.1.jar;C:\Program Files (x86)\NetBeans 8.2\java\modules\ext\AbsoluteLayout.jar;E:\Ritch Back Up\NetBeansProjects\Libraries\sqlite-jdbc-3.21.0.jar;E:\Ritch Back Up\NetBeansProjects\Libraries\JTattoo-1.6.11.jar;E:\Ritch Back Up\NetBeansProjects\Libraries\jcalendar-1.4.jar;C:\Program Files (x86)\NetBeans 8.2\ide\modules\ext\mysql-connector-java-5.1.23-bin.jar;E:\Ritch Back Up\NetBeansProjects\Libraries\jasperreports-5.6.0\lib\ant-1.7.1.jar;E:\Ritch Back Up\NetBeansProjects\Libraries\jasperreports-5.6.0\lib\antlr-2.7.5.jar;E:\Ritch Back Up\NetBeansProjects\Libraries\jasperreports-5.6.0\lib\barbecue-1.5-beta1.jar;E:\Ritch Back Up\NetBeansProjects\Libraries\jasperreports-5.6.0\lib\barcode4j-2.1.jar;E:\Ritch Back Up\NetBeansProjects\Libraries\jasperreports-5.6.0\lib\batik-anim.jar;E:\Ritch Back Up\NetBeansProjects\Libraries\jasperreports-5.6.0\lib\batik-awt-util.jar;E:\Ritch Back Up\NetBeansProjects\Libraries\jasperreports-5.6.0\lib\batik-bridge.jar;E:\Ritch Back Up\NetBeansProjects\Libraries\jasperreports-5.6.0\lib\batik-css.jar;E:\Ritch Back Up\NetBeansProjects\Libraries\jasperreports-5.6.0\lib\batik-dom.jar;E:\Ritch Back Up\NetBeansProjects\Libraries\jasperreports-5.6.0\lib\batik-ext.jar;E:\Ritch Back Up\NetBeansProjects\Libraries\jasperreports-5.6.0\lib\batik-gvt.jar;E:\Ritch Back Up\NetBeansProjects\Libraries\jasperreports-5.6.0\lib\batik-parser.jar;E:\Ritch Back Up\NetBeansProjects\Libraries\jasperreports-5.6.0\lib\batik-script.jar;E:\Ritch Back Up\NetBeansProjects\Libraries\jasperreports-5.6.0\lib\batik-svg-dom.jar;E:\Ritch Back Up\NetBeansProjects\Libraries\jasperreports-5.6.0\lib\batik-svggen.jar;E:\Ritch Back Up\NetBeansProjects\Libraries\jasperreports-5.6.0\lib\batik-util.jar;E:\Ritch Back Up\NetBeansProjects\Libraries\jasperreports-5.6.0\lib\batik-xml.jar;E:\Ritch Back Up\NetBeansProjects\Libraries\jasperreports-5.6.0\lib\bcel-5.2.jar;E:\Ritch Back Up\NetBeansProje
Launcher Type: SUN_STANDARD

Environment Variables:
PATH=C:\Program Files (x86)\Common Files\Oracle\Java\javapath;C:\Windows\system32;C:\Windows;C:\Windows\System32\Wbem;C:\Windows\System32\WindowsPowerShell\v1.0\;C:\Users\Acme\AppData\Local\Programs\Microsoft VS Code\bin
USERNAME=Acme
OS=Windows_NT
PROCESSOR_IDENTIFIER=Intel64 Family 6 Model 42 Stepping 7, GenuineIntel



---------------  S Y S T E M  ---------------

OS: Windows 8.1 , 64 bit Build 9600 (6.3.9600.17056)

CPU:total 4 (initial active 4) (2 cores per cpu, 2 threads per core) family 6 model 42 stepping 7, cmov, cx8, fxsr, mmx, sse, sse2, sse3, ssse3, sse4.1, sse4.2, popcnt, avx, clmul, ht, tsc, tscinvbit

Memory: 4k page, physical 6161772k(3528764k free), swap 12453228k(9124620k free)

vm_info: Java HotSpot(TM) 64-Bit Server VM (25.181-b13) for windows-amd64 JRE (1.8.0_181-b13), built on Jul  7 2018 04:01:33 by "java_re" with MS VC++ 10.0 (VS2010)

time: Tue Dec 04 13:48:47 2018
elapsed time: 0 seconds (0d 0h 0m 0s)

